<?xml version="1.0" encoding="UTF-8"?>
<!-- Generated by org.testng.reporters.JUnitReportReporter -->
<testsuite skipped="0" hostname="DESKTOP-201116G" name="com.cat.server.rank.RankTest0Interface" tests="1" failures="0" timestamp="2021-11-02T11:38:54 CST" time="0.020" errors="0">
  <testcase name="test" time="0.020" classname="com.cat.server.rank.RankTest0Interface"/>
  <system-out/>
</testsuite> <!-- com.cat.server.rank.RankTest0Interface -->
